<?xml version="1.0" encoding="UTF-8"?>
<!-- Generated by org.testng.reporters.JUnitReportReporter -->
<testsuite skipped="1" hostname="rupalis-MacBook-Air.local" name="com.qa.walmartTest.SearchResultPageTest" tests="1" failures="0" timestamp="27 Mar 2018 05:08:28 GMT" time="0.000" errors="0">
  <testcase name="clickSearchResultTest" time="0.000" classname="com.qa.walmartTest.SearchResultPageTest">
    <skipped/>
  </testcase> <!-- clickSearchResultTest -->
</testsuite> <!-- com.qa.walmartTest.SearchResultPageTest -->
