<?xml version="1.0" encoding="UTF-8"?>
<!-- Generated by org.testng.reporters.JUnitReportReporter -->
<testsuite skipped="2" hostname="rupalis-MacBook-Air.local" name="com.qa.walmartTest.HomePageTest" tests="3" failures="0" timestamp="27 Mar 2018 18:07:04 GMT" time="0.044" errors="1">
  <testcase name="sliderSlide" time="0.000" classname="com.qa.walmartTest.HomePageTest">
    <skipped/>
  </testcase> <!-- sliderSlide -->
  <testcase name="imagesList" time="0.000" classname="com.qa.walmartTest.HomePageTest">
    <skipped/>
  </testcase> <!-- imagesList -->
  <testcase name="beforeSuite" time="0.044" classname="com.qa.walmartTest.HomePageTest">
    <error type="java.lang.Error" message="Unresolved compilation problem: 
	The constructor ConfigUtils(String) is undefined
">
      <![CDATA[java.lang.Error: Unresolved compilation problem: 
The constructor ConfigUtils(String) is undefined

at com.qa.walmartTest.CommonTest.beforeSuite(CommonTest.java:24)
at sun.reflect.NativeMethodAccessorImpl.invoke0(Native Method)
at sun.reflect.NativeMethodAccessorImpl.invoke(NativeMethodAccessorImpl.java:62)
at sun.reflect.DelegatingMethodAccessorImpl.invoke(DelegatingMethodAccessorImpl.java:43)
at java.lang.reflect.Method.invoke(Method.java:498)
at org.testng.internal.MethodInvocationHelper.invokeMethod(MethodInvocationHelper.java:124)
at org.testng.internal.MethodInvocationHelper.invokeMethodConsideringTimeout(MethodInvocationHelper.java:59)
at org.testng.internal.Invoker.invokeConfigurationMethod(Invoker.java:455)
at org.testng.internal.Invoker.invokeConfigurations(Invoker.java:222)
at org.testng.internal.Invoker.invokeConfigurations(Invoker.java:142)
at org.testng.SuiteRunner.privateRun(SuiteRunner.java:401)
at org.testng.SuiteRunner.run(SuiteRunner.java:364)
at org.testng.SuiteRunnerWorker.runSuite(SuiteRunnerWorker.java:52)
at org.testng.SuiteRunnerWorker.run(SuiteRunnerWorker.java:84)
at org.testng.TestNG.runSuitesSequentially(TestNG.java:1208)
at org.testng.TestNG.runSuitesLocally(TestNG.java:1137)
at org.testng.TestNG.runSuites(TestNG.java:1049)
at org.testng.TestNG.run(TestNG.java:1017)
at org.testng.remote.AbstractRemoteTestNG.run(AbstractRemoteTestNG.java:114)
at org.testng.remote.RemoteTestNG.initAndRun(RemoteTestNG.java:251)
at org.testng.remote.RemoteTestNG.main(RemoteTestNG.java:77)
]]>
    </error>
  </testcase> <!-- beforeSuite -->
</testsuite> <!-- com.qa.walmartTest.HomePageTest -->
